*** Starting uWSGI 1.9.17.1-debian (64bit) on [Fri Jul 28 11:45:58 2017] ***
compiled with version: 4.8.2 on 23 March 2014 17:15:32
os: Linux-4.4.0-43-Microsoft #1-Microsoft Wed Dec 31 14:42:53 PST 2014
nodename: DESKTOP-N29D58B
machine: x86_64
clock source: unix
pcre jit disabled
detected number of CPU cores: 8
current working directory: /mnt/c/mysite
writing pidfile to uwsgi.pid
detected binary path: /usr/bin/uwsgi-core
uWSGI running as root, you can use --uid/--gid/--chroot options
*** WARNING: you are running uWSGI as root !!! (use the --uid flag) *** 
your memory page size is 4096 bytes
detected max file descriptor number: 2048
lock engine: pthread robust mutexes
thunder lock: disabled (you can enable it with --thunder-lock)
The -s/--socket option is missing and stdin is not a socket.
*** Starting uWSGI 1.9.17.1-debian (64bit) on [Fri Jul 28 15:42:05 2017] ***
compiled with version: 4.8.2 on 23 March 2014 17:15:32
os: Linux-4.4.0-43-Microsoft #1-Microsoft Wed Dec 31 14:42:53 PST 2014
nodename: DESKTOP-N29D58B
machine: x86_64
clock source: unix
pcre jit disabled
detected number of CPU cores: 8
current working directory: /mnt/c/mysite
writing pidfile to uwsgi.pid
detected binary path: /usr/bin/uwsgi-core
uWSGI running as root, you can use --uid/--gid/--chroot options
*** WARNING: you are running uWSGI as root !!! (use the --uid flag) *** 
your memory page size is 4096 bytes
detected max file descriptor number: 2048
lock engine: pthread robust mutexes
thunder lock: disabled (you can enable it with --thunder-lock)
The -s/--socket option is missing and stdin is not a socket.
*** Starting uWSGI 1.9.17.1-debian (64bit) on [Fri Jul 28 15:44:46 2017] ***
compiled with version: 4.8.2 on 23 March 2014 17:15:32
os: Linux-4.4.0-43-Microsoft #1-Microsoft Wed Dec 31 14:42:53 PST 2014
nodename: DESKTOP-N29D58B
machine: x86_64
clock source: unix
pcre jit disabled
detected number of CPU cores: 8
current working directory: /mnt/c/mysite
writing pidfile to uwsgi.pid
detected binary path: /usr/bin/uwsgi-core
uWSGI running as root, you can use --uid/--gid/--chroot options
*** WARNING: you are running uWSGI as root !!! (use the --uid flag) *** 
your memory page size is 4096 bytes
detected max file descriptor number: 2048
lock engine: pthread robust mutexes
thunder lock: disabled (you can enable it with --thunder-lock)
The -s/--socket option is missing and stdin is not a socket.
*** Starting uWSGI 1.9.17.1-debian (64bit) on [Fri Jul 28 15:57:35 2017] ***
compiled with version: 4.8.2 on 23 March 2014 17:15:32
os: Linux-4.4.0-43-Microsoft #1-Microsoft Wed Dec 31 14:42:53 PST 2014
nodename: DESKTOP-N29D58B
machine: x86_64
clock source: unix
pcre jit disabled
detected number of CPU cores: 8
current working directory: /mnt/c/mysite
writing pidfile to uwsgi.pid
detected binary path: /usr/bin/uwsgi-core
uWSGI running as root, you can use --uid/--gid/--chroot options
*** WARNING: you are running uWSGI as root !!! (use the --uid flag) *** 
your memory page size is 4096 bytes
detected max file descriptor number: 2048
lock engine: pthread robust mutexes
thunder lock: disabled (you can enable it with --thunder-lock)
The -s/--socket option is missing and stdin is not a socket.
*** Starting uWSGI 1.9.17.1-debian (64bit) on [Fri Jul 28 15:57:48 2017] ***
compiled with version: 4.8.2 on 23 March 2014 17:15:32
os: Linux-4.4.0-43-Microsoft #1-Microsoft Wed Dec 31 14:42:53 PST 2014
nodename: DESKTOP-N29D58B
machine: x86_64
clock source: unix
pcre jit disabled
detected number of CPU cores: 8
current working directory: /mnt/c/mysite
writing pidfile to uwsgi.pid
detected binary path: /usr/bin/uwsgi-core
uWSGI running as root, you can use --uid/--gid/--chroot options
*** WARNING: you are running uWSGI as root !!! (use the --uid flag) *** 
your memory page size is 4096 bytes
detected max file descriptor number: 2048
lock engine: pthread robust mutexes
thunder lock: disabled (you can enable it with --thunder-lock)
The -s/--socket option is missing and stdin is not a socket.
*** Starting uWSGI 1.9.17.1-debian (64bit) on [Fri Jul 28 16:16:56 2017] ***
compiled with version: 4.8.2 on 23 March 2014 17:15:32
os: Linux-4.4.0-43-Microsoft #1-Microsoft Wed Dec 31 14:42:53 PST 2014
nodename: DESKTOP-N29D58B
machine: x86_64
clock source: unix
pcre jit disabled
detected number of CPU cores: 8
current working directory: /mnt/c/mysite
writing pidfile to uwsgi.pid
detected binary path: /usr/bin/uwsgi-core
uWSGI running as root, you can use --uid/--gid/--chroot options
*** WARNING: you are running uWSGI as root !!! (use the --uid flag) *** 
your memory page size is 4096 bytes
detected max file descriptor number: 2048
lock engine: pthread robust mutexes
thunder lock: disabled (you can enable it with --thunder-lock)
The -s/--socket option is missing and stdin is not a socket.
*** Starting uWSGI 1.9.17.1-debian (64bit) on [Fri Jul 28 16:23:00 2017] ***
compiled with version: 4.8.2 on 23 March 2014 17:15:32
os: Linux-4.4.0-43-Microsoft #1-Microsoft Wed Dec 31 14:42:53 PST 2014
nodename: DESKTOP-N29D58B
machine: x86_64
clock source: unix
pcre jit disabled
detected number of CPU cores: 8
current working directory: /mnt/c/mysite
writing pidfile to uwsgi.pid
detected binary path: /usr/bin/uwsgi-core
uWSGI running as root, you can use --uid/--gid/--chroot options
*** WARNING: you are running uWSGI as root !!! (use the --uid flag) *** 
your memory page size is 4096 bytes
detected max file descriptor number: 2048
lock engine: pthread robust mutexes
thunder lock: disabled (you can enable it with --thunder-lock)
The -s/--socket option is missing and stdin is not a socket.
*** Starting uWSGI 1.9.17.1-debian (64bit) on [Fri Jul 28 16:23:45 2017] ***
compiled with version: 4.8.2 on 23 March 2014 17:15:32
os: Linux-4.4.0-43-Microsoft #1-Microsoft Wed Dec 31 14:42:53 PST 2014
nodename: DESKTOP-N29D58B
machine: x86_64
clock source: unix
pcre jit disabled
detected number of CPU cores: 8
current working directory: /mnt/c/mysite
writing pidfile to uwsgi.pid
detected binary path: /usr/bin/uwsgi-core
uWSGI running as root, you can use --uid/--gid/--chroot options
*** WARNING: you are running uWSGI as root !!! (use the --uid flag) *** 
your memory page size is 4096 bytes
detected max file descriptor number: 2048
lock engine: pthread robust mutexes
thunder lock: disabled (you can enable it with --thunder-lock)
The -s/--socket option is missing and stdin is not a socket.
*** Starting uWSGI 1.9.17.1-debian (64bit) on [Fri Jul 28 16:27:29 2017] ***
compiled with version: 4.8.2 on 23 March 2014 17:15:32
os: Linux-4.4.0-43-Microsoft #1-Microsoft Wed Dec 31 14:42:53 PST 2014
nodename: DESKTOP-N29D58B
machine: x86_64
clock source: unix
pcre jit disabled
detected number of CPU cores: 8
current working directory: /mnt/c/mysite
writing pidfile to uwsgi.pid
detected binary path: /usr/bin/uwsgi-core
uWSGI running as root, you can use --uid/--gid/--chroot options
*** WARNING: you are running uWSGI as root !!! (use the --uid flag) *** 
your memory page size is 4096 bytes
detected max file descriptor number: 2048
lock engine: pthread robust mutexes
thunder lock: disabled (you can enable it with --thunder-lock)
The -s/--socket option is missing and stdin is not a socket.
*** Starting uWSGI 1.9.17.1-debian (64bit) on [Fri Jul 28 16:37:31 2017] ***
compiled with version: 4.8.2 on 23 March 2014 17:15:32
os: Linux-4.4.0-43-Microsoft #1-Microsoft Wed Dec 31 14:42:53 PST 2014
nodename: DESKTOP-N29D58B
machine: x86_64
clock source: unix
pcre jit disabled
detected number of CPU cores: 8
current working directory: /mnt/c/mysite
writing pidfile to uwsgi.pid
detected binary path: /usr/bin/uwsgi-core
uWSGI running as root, you can use --uid/--gid/--chroot options
*** WARNING: you are running uWSGI as root !!! (use the --uid flag) *** 
your memory page size is 4096 bytes
detected max file descriptor number: 2048
lock engine: pthread robust mutexes
thunder lock: disabled (you can enable it with --thunder-lock)
The -s/--socket option is missing and stdin is not a socket.
*** Starting uWSGI 1.9.17.1-debian (64bit) on [Fri Jul 28 16:47:09 2017] ***
compiled with version: 4.8.2 on 23 March 2014 17:15:32
os: Linux-4.4.0-43-Microsoft #1-Microsoft Wed Dec 31 14:42:53 PST 2014
nodename: DESKTOP-N29D58B
machine: x86_64
clock source: unix
pcre jit disabled
detected number of CPU cores: 8
current working directory: /mnt/c/mysite
writing pidfile to uwsgi.pid
detected binary path: /usr/bin/uwsgi-core
uWSGI running as root, you can use --uid/--gid/--chroot options
*** WARNING: you are running uWSGI as root !!! (use the --uid flag) *** 
your memory page size is 4096 bytes
detected max file descriptor number: 2048
lock engine: pthread robust mutexes
thunder lock: disabled (you can enable it with --thunder-lock)
The -s/--socket option is missing and stdin is not a socket.
*** Starting uWSGI 1.9.17.1-debian (64bit) on [Fri Jul 28 17:26:49 2017] ***
compiled with version: 4.8.2 on 23 March 2014 17:15:32
os: Linux-4.4.0-43-Microsoft #1-Microsoft Wed Dec 31 14:42:53 PST 2014
nodename: DESKTOP-N29D58B
machine: x86_64
clock source: unix
pcre jit disabled
detected number of CPU cores: 8
current working directory: /mnt/c/mysite
writing pidfile to uwsgi.pid
detected binary path: /usr/bin/uwsgi-core
uWSGI running as root, you can use --uid/--gid/--chroot options
*** WARNING: you are running uWSGI as root !!! (use the --uid flag) *** 
your memory page size is 4096 bytes
detected max file descriptor number: 2048
lock engine: pthread robust mutexes
thunder lock: disabled (you can enable it with --thunder-lock)
The -s/--socket option is missing and stdin is not a socket.
*** Starting uWSGI 1.9.17.1-debian (64bit) on [Fri Jul 28 17:32:32 2017] ***
compiled with version: 4.8.2 on 23 March 2014 17:15:32
os: Linux-4.4.0-43-Microsoft #1-Microsoft Wed Dec 31 14:42:53 PST 2014
nodename: DESKTOP-N29D58B
machine: x86_64
clock source: unix
pcre jit disabled
detected number of CPU cores: 8
current working directory: /mnt/c/mysite
writing pidfile to uwsgi.pid
detected binary path: /usr/bin/uwsgi-core
uWSGI running as root, you can use --uid/--gid/--chroot options
*** WARNING: you are running uWSGI as root !!! (use the --uid flag) *** 
your memory page size is 4096 bytes
detected max file descriptor number: 2048
lock engine: pthread robust mutexes
thunder lock: disabled (you can enable it with --thunder-lock)
TCP_DEFER_ACCEPT setsockopt(): Protocol not available [core/socket.c line 738]
uwsgi socket 0 bound to TCP address :80 fd 3
your server socket listen backlog is limited to 100 connections
your mercy for graceful operations on workers is 60 seconds
mapped 415600 bytes (405 KB) for 8 cores
*** Operational MODE: preforking+threaded ***
*** no app loaded. going in full dynamic mode ***
*** uWSGI is running in multiple interpreter mode ***
!!!!!!!!!!!!!! WARNING !!!!!!!!!!!!!!
no request plugin is loaded, you will not be able to manage requests.
you may need to install the package for your language of choice, or simply load it with --plugin.
!!!!!!!!!!! END OF WARNING !!!!!!!!!!
spawned uWSGI master process (pid: 3544)
spawned uWSGI worker 1 (pid: 3545, cores: 2)
spawned uWSGI worker 2 (pid: 3546, cores: 2)
spawned uWSGI worker 3 (pid: 3548, cores: 2)
spawned uWSGI worker 4 (pid: 3550, cores: 2)
*** Stats server enabled on 127.0.0.1:8080 fd: 15 ***
*** Starting uWSGI 1.9.17.1-debian (64bit) on [Fri Jul 28 17:33:50 2017] ***
compiled with version: 4.8.2 on 23 March 2014 17:15:32
os: Linux-4.4.0-43-Microsoft #1-Microsoft Wed Dec 31 14:42:53 PST 2014
nodename: DESKTOP-N29D58B
machine: x86_64
clock source: unix
pcre jit disabled
detected number of CPU cores: 8
current working directory: /mnt/c/mysite
writing pidfile to uwsgi.pid
detected binary path: /usr/bin/uwsgi-core
uWSGI running as root, you can use --uid/--gid/--chroot options
*** WARNING: you are running uWSGI as root !!! (use the --uid flag) *** 
your memory page size is 4096 bytes
detected max file descriptor number: 2048
lock engine: pthread robust mutexes
thunder lock: disabled (you can enable it with --thunder-lock)
TCP_DEFER_ACCEPT setsockopt(): Protocol not available [core/socket.c line 738]
uwsgi socket 0 bound to TCP address :80 fd 3
your server socket listen backlog is limited to 100 connections
your mercy for graceful operations on workers is 60 seconds
mapped 415600 bytes (405 KB) for 8 cores
*** Operational MODE: preforking+threaded ***
*** no app loaded. going in full dynamic mode ***
*** uWSGI is running in multiple interpreter mode ***
!!!!!!!!!!!!!! WARNING !!!!!!!!!!!!!!
no request plugin is loaded, you will not be able to manage requests.
you may need to install the package for your language of choice, or simply load it with --plugin.
!!!!!!!!!!! END OF WARNING !!!!!!!!!!
spawned uWSGI master process (pid: 3561)
spawned uWSGI worker 1 (pid: 3562, cores: 2)
spawned uWSGI worker 2 (pid: 3563, cores: 2)
spawned uWSGI worker 3 (pid: 3565, cores: 2)
spawned uWSGI worker 4 (pid: 3567, cores: 2)
*** Stats server enabled on 127.0.0.1:8080 fd: 15 ***
-- unavailable modifier requested: 0 --
-- unavailable modifier requested: 0 --
-- unavailable modifier requested: 0 --
-- unavailable modifier requested: 0 --
-- unavailable modifier requested: 0 --
-- unavailable modifier requested: 0 --
SIGINT/SIGQUIT received...killing workers...
worker 1 buried after 1 seconds
worker 2 buried after 1 seconds
worker 3 buried after 1 seconds
worker 4 buried after 1 seconds
goodbye to uWSGI.
-- unavailable modifier requested: 0 --
-- unavailable modifier requested: 0 --
-- unavailable modifier requested: 0 --
-- unavailable modifier requested: 0 --
-- unavailable modifier requested: 0 --
-- unavailable modifier requested: 0 --
...brutally killing workers...
worker 1 buried after 1 seconds
worker 2 buried after 1 seconds
worker 3 buried after 1 seconds
worker 4 buried after 1 seconds
binary reloading uWSGI...
chdir() to /mnt/c/mysite
closing all non-uwsgi socket fds > 2 (max_fd = 2048)...
found fd 3 mapped to socket 0 (:80)
running /usr/bin/uwsgi-core
[uWSGI] getting INI configuration from uwsgi.ini
*** Starting uWSGI 2.0.15 (64bit) on [Fri Jul 28 17:37:31 2017] ***
compiled with version: 4.8.4 on 28 July 2017 16:32:19
os: Linux-4.4.0-43-Microsoft #1-Microsoft Wed Dec 31 14:42:53 PST 2014
nodename: DESKTOP-N29D58B
machine: x86_64
clock source: unix
detected number of CPU cores: 8
current working directory: /mnt/c/mysite
detected binary path: /usr/local/bin/uwsgi
!!! no internal routing support, rebuild with pcre support !!!
uWSGI running as root, you can use --uid/--gid/--chroot options
*** WARNING: you are running uWSGI as root !!! (use the --uid flag) *** 
chdir() to /mnt/c/mysite
your memory page size is 4096 bytes
detected max file descriptor number: 2048
lock engine: pthread robust mutexes
thunder lock: disabled (you can enable it with --thunder-lock)
uwsgi socket 0 inherited INET address :80 fd 3
Python version: 2.7.6 (default, Oct 26 2016, 20:33:43)  [GCC 4.8.4]
Python main interpreter initialized at 0x14ccd70
python threads support enabled
your server socket listen backlog is limited to 100 connections
your mercy for graceful operations on workers is 60 seconds
mapped 415280 bytes (405 KB) for 8 cores
*** Operational MODE: preforking+threaded ***
failed to open python file mysite/mysite/wsgi.py
unable to load app 0 (mountpoint='') (callable not found or import error)
*** no app loaded. going in full dynamic mode ***
*** uWSGI is running in multiple interpreter mode ***
gracefully (RE)spawned uWSGI master process (pid: 3544)
spawned uWSGI worker 1 (pid: 3579, cores: 2)
spawned uWSGI worker 2 (pid: 3580, cores: 2)
spawned uWSGI worker 3 (pid: 3581, cores: 2)
spawned uWSGI worker 4 (pid: 3582, cores: 2)
*** Stats server enabled on 127.0.0.1:8080 fd: 15 ***
DAMN ! worker 1 (pid: 3579) died :( trying respawn ...
Respawned uWSGI worker 1 (new pid: 3590)
DAMN ! worker 2 (pid: 3580) died :( trying respawn ...
Respawned uWSGI worker 2 (new pid: 3592)
DAMN ! worker 3 (pid: 3581) died :( trying respawn ...
Respawned uWSGI worker 3 (new pid: 3594)
DAMN ! worker 4 (pid: 3582) died :( trying respawn ...
Respawned uWSGI worker 4 (new pid: 3596)
*** Starting uWSGI 1.9.17.1-debian (64bit) on [Fri Jul 28 17:40:47 2017] ***
compiled with version: 4.8.2 on 23 March 2014 17:15:32
os: Linux-4.4.0-43-Microsoft #1-Microsoft Wed Dec 31 14:42:53 PST 2014
nodename: DESKTOP-N29D58B
machine: x86_64
clock source: unix
pcre jit disabled
detected number of CPU cores: 8
current working directory: /mnt/c/mysite
writing pidfile to uwsgi.pid
detected binary path: /usr/bin/uwsgi-core
uWSGI running as root, you can use --uid/--gid/--chroot options
*** WARNING: you are running uWSGI as root !!! (use the --uid flag) *** 
your memory page size is 4096 bytes
detected max file descriptor number: 2048
lock engine: pthread robust mutexes
thunder lock: disabled (you can enable it with --thunder-lock)
TCP_DEFER_ACCEPT setsockopt(): Protocol not available [core/socket.c line 738]
uwsgi socket 0 bound to TCP address :80 fd 3
your server socket listen backlog is limited to 100 connections
your mercy for graceful operations on workers is 60 seconds
mapped 415600 bytes (405 KB) for 8 cores
*** Operational MODE: preforking+threaded ***
*** no app loaded. going in full dynamic mode ***
*** uWSGI is running in multiple interpreter mode ***
!!!!!!!!!!!!!! WARNING !!!!!!!!!!!!!!
no request plugin is loaded, you will not be able to manage requests.
you may need to install the package for your language of choice, or simply load it with --plugin.
!!!!!!!!!!! END OF WARNING !!!!!!!!!!
spawned uWSGI master process (pid: 3608)
spawned uWSGI worker 1 (pid: 3609, cores: 2)
spawned uWSGI worker 2 (pid: 3610, cores: 2)
spawned uWSGI worker 3 (pid: 3612, cores: 2)
spawned uWSGI worker 4 (pid: 3614, cores: 2)
*** Stats server enabled on 127.0.0.1:8080 fd: 15 ***
*** Starting uWSGI 2.0.15 (64bit) on [Fri Jul 28 17:44:28 2017] ***
compiled with version: 4.8.4 on 28 July 2017 16:32:19
os: Linux-4.4.0-43-Microsoft #1-Microsoft Wed Dec 31 14:42:53 PST 2014
nodename: DESKTOP-N29D58B
machine: x86_64
clock source: unix
detected number of CPU cores: 8
current working directory: /mnt/c/mysite
writing pidfile to uwsgi.pid
detected binary path: /usr/local/bin/uwsgi
!!! no internal routing support, rebuild with pcre support !!!
uWSGI running as root, you can use --uid/--gid/--chroot options
*** WARNING: you are running uWSGI as root !!! (use the --uid flag) *** 
chdir() to /mnt/c/mysite
your memory page size is 4096 bytes
detected max file descriptor number: 2048
lock engine: pthread robust mutexes
thunder lock: disabled (you can enable it with --thunder-lock)
TCP_DEFER_ACCEPT setsockopt(): Protocol not available [core/socket.c line 744]
uwsgi socket 0 bound to TCP address :80 fd 3
Python version: 2.7.6 (default, Oct 26 2016, 20:33:43)  [GCC 4.8.4]
Python main interpreter initialized at 0x2560e40
python threads support enabled
your server socket listen backlog is limited to 100 connections
your mercy for graceful operations on workers is 60 seconds
mapped 415280 bytes (405 KB) for 8 cores
*** Operational MODE: preforking+threaded ***
WSGI app 0 (mountpoint='') ready in 3 seconds on interpreter 0x2560e40 pid: 32 (default app)
*** uWSGI is running in multiple interpreter mode ***
spawned uWSGI master process (pid: 32)
spawned uWSGI worker 1 (pid: 35, cores: 2)
spawned uWSGI worker 2 (pid: 36, cores: 2)
spawned uWSGI worker 3 (pid: 38, cores: 2)
spawned uWSGI worker 4 (pid: 40, cores: 2)
*** Stats server enabled on 127.0.0.1:8080 fd: 15 ***
SIGINT/SIGQUIT received...killing workers...
worker 1 buried after 1 seconds
worker 2 buried after 1 seconds
worker 3 buried after 1 seconds
worker 4 buried after 1 seconds
goodbye to uWSGI.
*** Starting uWSGI 2.0.15 (64bit) on [Fri Jul 28 17:52:47 2017] ***
compiled with version: 4.8.4 on 28 July 2017 16:32:19
os: Linux-4.4.0-43-Microsoft #1-Microsoft Wed Dec 31 14:42:53 PST 2014
nodename: DESKTOP-N29D58B
machine: x86_64
clock source: unix
detected number of CPU cores: 8
current working directory: /mnt/c/mysite
writing pidfile to uwsgi.pid
detected binary path: /usr/local/bin/uwsgi
!!! no internal routing support, rebuild with pcre support !!!
uWSGI running as root, you can use --uid/--gid/--chroot options
*** WARNING: you are running uWSGI as root !!! (use the --uid flag) *** 
chdir() to /mnt/c/mysite
your memory page size is 4096 bytes
detected max file descriptor number: 2048
lock engine: pthread robust mutexes
thunder lock: disabled (you can enable it with --thunder-lock)
TCP_DEFER_ACCEPT setsockopt(): Protocol not available [core/socket.c line 744]
uwsgi socket 0 bound to TCP address :80 fd 3
Python version: 2.7.6 (default, Oct 26 2016, 20:33:43)  [GCC 4.8.4]
Python main interpreter initialized at 0x14d7e40
python threads support enabled
your server socket listen backlog is limited to 100 connections
your mercy for graceful operations on workers is 60 seconds
mapped 415280 bytes (405 KB) for 8 cores
*** Operational MODE: preforking+threaded ***
WSGI app 0 (mountpoint='') ready in 1 seconds on interpreter 0x14d7e40 pid: 616 (default app)
*** uWSGI is running in multiple interpreter mode ***
spawned uWSGI master process (pid: 616)
spawned uWSGI worker 1 (pid: 619, cores: 2)
spawned uWSGI worker 2 (pid: 620, cores: 2)
spawned uWSGI worker 3 (pid: 622, cores: 2)
spawned uWSGI worker 4 (pid: 624, cores: 2)
*** Stats server enabled on 127.0.0.1:8080 fd: 15 ***
SIGINT/SIGQUIT received...killing workers...
worker 1 buried after 1 seconds
worker 2 buried after 1 seconds
worker 3 buried after 1 seconds
worker 4 buried after 1 seconds
goodbye to uWSGI.
*** Starting uWSGI 2.0.15 (64bit) on [Fri Jul 28 17:57:44 2017] ***
compiled with version: 4.8.4 on 28 July 2017 16:32:19
os: Linux-4.4.0-43-Microsoft #1-Microsoft Wed Dec 31 14:42:53 PST 2014
nodename: DESKTOP-N29D58B
machine: x86_64
clock source: unix
detected number of CPU cores: 8
current working directory: /mnt/c/mysite
writing pidfile to uwsgi.pid
detected binary path: /usr/local/bin/uwsgi
!!! no internal routing support, rebuild with pcre support !!!
uWSGI running as root, you can use --uid/--gid/--chroot options
*** WARNING: you are running uWSGI as root !!! (use the --uid flag) *** 
chdir() to /mnt/c/mysite
your memory page size is 4096 bytes
detected max file descriptor number: 2048
lock engine: pthread robust mutexes
thunder lock: disabled (you can enable it with --thunder-lock)
Python version: 2.7.6 (default, Oct 26 2016, 20:33:43)  [GCC 4.8.4]
Python main interpreter initialized at 0x123acb0
python threads support enabled
The -s/--socket option is missing and stdin is not a socket.
*** Starting uWSGI 2.0.15 (64bit) on [Fri Jul 28 18:04:05 2017] ***
compiled with version: 4.8.4 on 28 July 2017 16:32:19
os: Linux-4.4.0-43-Microsoft #1-Microsoft Wed Dec 31 14:42:53 PST 2014
nodename: DESKTOP-N29D58B
machine: x86_64
clock source: unix
detected number of CPU cores: 8
current working directory: /mnt/c/mysite
writing pidfile to uwsgi.pid
detected binary path: /usr/local/bin/uwsgi
!!! no internal routing support, rebuild with pcre support !!!
uWSGI running as root, you can use --uid/--gid/--chroot options
*** WARNING: you are running uWSGI as root !!! (use the --uid flag) *** 
chdir() to /mnt/c/mysite
your memory page size is 4096 bytes
detected max file descriptor number: 2048
lock engine: pthread robust mutexes
thunder lock: disabled (you can enable it with --thunder-lock)
Python version: 2.7.6 (default, Oct 26 2016, 20:33:43)  [GCC 4.8.4]
Python main interpreter initialized at 0xc28cb0
python threads support enabled
The -s/--socket option is missing and stdin is not a socket.
*** Starting uWSGI 2.0.15 (64bit) on [Fri Jul 28 18:15:20 2017] ***
compiled with version: 4.8.4 on 28 July 2017 16:32:19
os: Linux-4.4.0-43-Microsoft #1-Microsoft Wed Dec 31 14:42:53 PST 2014
nodename: DESKTOP-N29D58B
machine: x86_64
clock source: unix
detected number of CPU cores: 8
current working directory: /mnt/c/mysite
writing pidfile to uwsgi.pid
detected binary path: /usr/local/bin/uwsgi
!!! no internal routing support, rebuild with pcre support !!!
uWSGI running as root, you can use --uid/--gid/--chroot options
*** WARNING: you are running uWSGI as root !!! (use the --uid flag) *** 
chdir() to /mnt/c/mysite
your memory page size is 4096 bytes
detected max file descriptor number: 2048
lock engine: pthread robust mutexes
thunder lock: disabled (you can enable it with --thunder-lock)
TCP_DEFER_ACCEPT setsockopt(): Protocol not available [core/socket.c line 744]
TCP_DEFER_ACCEPT setsockopt(): Protocol not available [core/socket.c line 744]
uWSGI http bound on 127.0.0.1:80 fd 4
uwsgi socket 0 bound to TCP address 127.0.0.1:58442 (port auto-assigned) fd 3
Python version: 2.7.6 (default, Oct 26 2016, 20:33:43)  [GCC 4.8.4]
Python main interpreter initialized at 0x1b8a400
python threads support enabled
your server socket listen backlog is limited to 100 connections
your mercy for graceful operations on workers is 60 seconds
mapped 415280 bytes (405 KB) for 8 cores
*** Operational MODE: preforking+threaded ***
WSGI app 0 (mountpoint='') ready in 3 seconds on interpreter 0x1b8a400 pid: 8948 (default app)
*** uWSGI is running in multiple interpreter mode ***
spawned uWSGI master process (pid: 8948)
spawned uWSGI worker 1 (pid: 8951, cores: 2)
spawned uWSGI worker 2 (pid: 8952, cores: 2)
spawned uWSGI worker 3 (pid: 8954, cores: 2)
spawned uWSGI worker 4 (pid: 8956, cores: 2)
spawned uWSGI http 1 (pid: 8958)
[pid: 8951|app: 0|req: 1/1] 127.0.0.1 () {38 vars in 780 bytes} [Fri Jul 28 10:16:38 2017] GET / => generated 32839 bytes in 402 msecs (HTTP/1.1 200) 3 headers in 111 bytes (1 switches on core 0)
Not Found: /static/js/bootstrap.min.js
[pid: 8951|app: 0|req: 3/2] 127.0.0.1 () {38 vars in 748 bytes} [Fri Jul 28 10:16:39 2017] GET /static/js/bootstrap.min.js => generated 2554 bytes in 9 msecs (HTTP/1.1 404) 3 headers in 102 bytes (2 switches on core 0)
Not Found: /static/js/jquery.min.js
[pid: 8951|app: 0|req: 3/3] 127.0.0.1 () {38 vars in 742 bytes} [Fri Jul 28 10:16:39 2017] GET /static/js/jquery.min.js => generated 2545 bytes in 15 msecs (HTTP/1.1 404) 3 headers in 102 bytes (2 switches on core 1)
Not Found: /static/css/bootstrap-3.1.1.min.css
[pid: 8956|app: 0|req: 1/4] 127.0.0.1 () {38 vars in 779 bytes} [Fri Jul 28 10:16:39 2017] GET /static/css/bootstrap-3.1.1.min.css => generated 2578 bytes in 54 msecs (HTTP/1.1 404) 3 headers in 102 bytes (1 switches on core 0)
Not Found: /static/css/jquery.countdown.css
Not Found: /static/css/style.css
[pid: 8954|app: 0|req: 1/5] 127.0.0.1 () {38 vars in 773 bytes} [Fri Jul 28 10:16:39 2017] GET /static/css/jquery.countdown.css => generated 2569 bytes in 52 msecs (HTTP/1.1 404) 3 headers in 102 bytes (1 switches on core 0)
[pid: 8952|app: 0|req: 2/6] 127.0.0.1 () {38 vars in 751 bytes} [Fri Jul 28 10:16:39 2017] GET /static/css/style.css => generated 2536 bytes in 55 msecs (HTTP/1.1 404) 3 headers in 102 bytes (2 switches on core 0)
Not Found: /static/css/font-awesome.css
[pid: 8952|app: 0|req: 2/7] 127.0.0.1 () {38 vars in 765 bytes} [Fri Jul 28 10:16:39 2017] GET /static/css/font-awesome.css => generated 2557 bytes in 58 msecs (HTTP/1.1 404) 3 headers in 102 bytes (2 switches on core 1)
Not Found: /static/js/responsiveslides.min.js
[pid: 8952|app: 0|req: 3/8] 127.0.0.1 () {38 vars in 762 bytes} [Fri Jul 28 10:16:39 2017] GET /static/js/responsiveslides.min.js => generated 2575 bytes in 3 msecs (HTTP/1.1 404) 3 headers in 102 bytes (1 switches on core 0)
Not Found: /static/js/jquery.countdown.js
[pid: 8951|app: 0|req: 4/9] 127.0.0.1 () {38 vars in 754 bytes} [Fri Jul 28 10:16:39 2017] GET /static/js/jquery.countdown.js => generated 2563 bytes in 4 msecs (HTTP/1.1 404) 3 headers in 102 bytes (1 switches on core 0)
Not Found: /static/js/script.js
[pid: 8951|app: 0|req: 5/10] 127.0.0.1 () {38 vars in 734 bytes} [Fri Jul 28 10:16:39 2017] GET /static/js/script.js => generated 2533 bytes in 4 msecs (HTTP/1.1 404) 3 headers in 102 bytes (1 switches on core 1)
Not Found: /static/images/t7.jpg
[pid: 8956|app: 0|req: 2/11] 127.0.0.1 () {38 vars in 772 bytes} [Fri Jul 28 10:16:39 2017] GET /static/images/t7.jpg => generated 2536 bytes in 3 msecs (HTTP/1.1 404) 3 headers in 102 bytes (2 switches on core 0)
Not Found: /static/images/t8.jpg
[pid: 8952|app: 0|req: 4/12] 127.0.0.1 () {38 vars in 772 bytes} [Fri Jul 28 10:16:39 2017] GET /static/images/t8.jpg => generated 2536 bytes in 3 msecs (HTTP/1.1 404) 3 headers in 102 bytes (1 switches on core 1)
Not Found: /static/js/bootstrap.min.js
Not Found: /static/images/t9.jpg
[pid: 8951|app: 0|req: 7/13] 127.0.0.1 () {38 vars in 772 bytes} [Fri Jul 28 10:16:39 2017] GET /static/images/t9.jpg => generated 2536 bytes in 6 msecs (HTTP/1.1 404) 3 headers in 102 bytes (1 switches on core 1)
[pid: 8951|app: 0|req: 7/14] 127.0.0.1 () {38 vars in 748 bytes} [Fri Jul 28 10:16:39 2017] GET /static/js/bootstrap.min.js => generated 2554 bytes in 6 msecs (HTTP/1.1 404) 3 headers in 102 bytes (1 switches on core 0)
Not Found: /static/css/style.css
Not Found: /static/css/font-awesome.css
[pid: 8952|app: 0|req: 5/15] 127.0.0.1 () {38 vars in 765 bytes} [Fri Jul 28 10:16:39 2017] GET /static/css/font-awesome.css => generated 2557 bytes in 3 msecs (HTTP/1.1 404) 3 headers in 102 bytes (2 switches on core 0)
Not Found: /static/css/jquery.countdown.css
[pid: 8951|app: 0|req: 9/17] 127.0.0.1 () {38 vars in 751 bytes} [Fri Jul 28 10:16:39 2017] GET /static/css/style.css => generated 2536 bytes in 7 msecs (HTTP/1.1 404) 3 headers in 102 bytes (1 switches on core 1)
[pid: 8951|app: 0|req: 9/17] 127.0.0.1 () {38 vars in 773 bytes} [Fri Jul 28 10:16:39 2017] GET /static/css/jquery.countdown.css => generated 2569 bytes in 7 msecs (HTTP/1.1 404) 3 headers in 102 bytes (2 switches on core 0)
Not Found: /static/images/t1.jpg
[pid: 8956|app: 0|req: 3/18] 127.0.0.1 () {38 vars in 772 bytes} [Fri Jul 28 10:16:39 2017] GET /static/images/t1.jpg => generated 2536 bytes in 2 msecs (HTTP/1.1 404) 3 headers in 102 bytes (1 switches on core 0)
Not Found: /static/images/t2.jpg
[pid: 8951|app: 0|req: 10/19] 127.0.0.1 () {38 vars in 772 bytes} [Fri Jul 28 10:16:39 2017] GET /static/images/t2.jpg => generated 2536 bytes in 2 msecs (HTTP/1.1 404) 3 headers in 102 bytes (1 switches on core 1)
Not Found: /static/images/t3.jpg
[pid: 8951|app: 0|req: 11/20] 127.0.0.1 () {38 vars in 772 bytes} [Fri Jul 28 10:16:39 2017] GET /static/images/t3.jpg => generated 2536 bytes in 2 msecs (HTTP/1.1 404) 3 headers in 102 bytes (1 switches on core 0)
Not Found: /static/images/t4.jpg
[pid: 8951|app: 0|req: 12/21] 127.0.0.1 () {38 vars in 772 bytes} [Fri Jul 28 10:16:39 2017] GET /static/images/t4.jpg => generated 2536 bytes in 3 msecs (HTTP/1.1 404) 3 headers in 102 bytes (1 switches on core 1)
Not Found: /static/images/t5.jpg
[pid: 8954|app: 0|req: 2/22] 127.0.0.1 () {38 vars in 772 bytes} [Fri Jul 28 10:16:39 2017] GET /static/images/t5.jpg => generated 2536 bytes in 3 msecs (HTTP/1.1 404) 3 headers in 102 bytes (1 switches on core 1)
Not Found: /static/images/t6.jpg
[pid: 8951|app: 0|req: 13/23] 127.0.0.1 () {38 vars in 772 bytes} [Fri Jul 28 10:16:39 2017] GET /static/images/t6.jpg => generated 2536 bytes in 2 msecs (HTTP/1.1 404) 3 headers in 102 bytes (1 switches on core 0)
Not Found: /static/images/t15.jpg
[pid: 8951|app: 0|req: 14/24] 127.0.0.1 () {38 vars in 774 bytes} [Fri Jul 28 10:16:39 2017] GET /static/images/t15.jpg => generated 2539 bytes in 2 msecs (HTTP/1.1 404) 3 headers in 102 bytes (1 switches on core 1)
Not Found: /static/images/t10.jpg
[pid: 8952|app: 0|req: 6/25] 127.0.0.1 () {38 vars in 774 bytes} [Fri Jul 28 10:16:39 2017] GET /static/images/t10.jpg => generated 2539 bytes in 2 msecs (HTTP/1.1 404) 3 headers in 102 bytes (1 switches on core 1)
Not Found: /static/images/t12.jpg
[pid: 8951|app: 0|req: 15/26] 127.0.0.1 () {38 vars in 774 bytes} [Fri Jul 28 10:16:39 2017] GET /static/images/t12.jpg => generated 2539 bytes in 2 msecs (HTTP/1.1 404) 3 headers in 102 bytes (1 switches on core 0)
Not Found: /static/images/t11.jpg
[pid: 8951|app: 0|req: 16/27] 127.0.0.1 () {38 vars in 774 bytes} [Fri Jul 28 10:16:39 2017] GET /static/images/t11.jpg => generated 2539 bytes in 2 msecs (HTTP/1.1 404) 3 headers in 102 bytes (1 switches on core 1)
Not Found: /static/images/t14.jpg
[pid: 8951|app: 0|req: 17/28] 127.0.0.1 () {38 vars in 774 bytes} [Fri Jul 28 10:16:39 2017] GET /static/images/t14.jpg => generated 2539 bytes in 2 msecs (HTTP/1.1 404) 3 headers in 102 bytes (1 switches on core 0)
Not Found: /static/images/t13.jpg
[pid: 8951|app: 0|req: 18/29] 127.0.0.1 () {38 vars in 774 bytes} [Fri Jul 28 10:16:39 2017] GET /static/images/t13.jpg => generated 2539 bytes in 2 msecs (HTTP/1.1 404) 3 headers in 102 bytes (1 switches on core 1)
Not Found: /static/images/t7.jpg
Not Found: /static/images/t2.jpg
Not Found: /static/images/t8.jpg
Not Found: /static/images/t1.jpg
[pid: 8952|app: 0|req: 8/30] 127.0.0.1 () {38 vars in 772 bytes} [Fri Jul 28 10:16:40 2017] GET /static/images/t7.jpg => generated 2536 bytes in 9 msecs (HTTP/1.1 404) 3 headers in 102 bytes (2 switches on core 0)
[pid: 8952|app: 0|req: 8/31] 127.0.0.1 () {38 vars in 772 bytes} [Fri Jul 28 10:16:40 2017] GET /static/images/t1.jpg => generated 2536 bytes in 9 msecs (HTTP/1.1 404) 3 headers in 102 bytes (2 switches on core 1)
[pid: 8951|app: 0|req: 20/32] 127.0.0.1 () {38 vars in 772 bytes} [Fri Jul 28 10:16:40 2017] GET /static/images/t8.jpg => generated 2536 bytes in 8 msecs (HTTP/1.1 404) 3 headers in 102 bytes (2 switches on core 1)
Not Found: /static/images/t9.jpg
[pid: 8951|app: 0|req: 20/33] 127.0.0.1 () {38 vars in 772 bytes} [Fri Jul 28 10:16:40 2017] GET /static/images/t9.jpg => generated 2536 bytes in 9 msecs (HTTP/1.1 404) 3 headers in 102 bytes (2 switches on core 0)
Not Found: /static/images/t3.jpg
[pid: 8954|app: 0|req: 4/34] 127.0.0.1 () {38 vars in 772 bytes} [Fri Jul 28 10:16:40 2017] GET /static/images/t2.jpg => generated 2536 bytes in 9 msecs (HTTP/1.1 404) 3 headers in 102 bytes (2 switches on core 1)
[pid: 8954|app: 0|req: 4/35] 127.0.0.1 () {38 vars in 772 bytes} [Fri Jul 28 10:16:40 2017] GET /static/images/t3.jpg => generated 2536 bytes in 9 msecs (HTTP/1.1 404) 3 headers in 102 bytes (2 switches on core 0)
Not Found: /static/images/t4.jpg
[pid: 8954|app: 0|req: 5/36] 127.0.0.1 () {38 vars in 772 bytes} [Fri Jul 28 10:16:40 2017] GET /static/images/t4.jpg => generated 2536 bytes in 4 msecs (HTTP/1.1 404) 3 headers in 102 bytes (1 switches on core 1)
Not Found: /static/images/t6.jpg
Not Found: /static/images/t5.jpg
[pid: 8956|app: 0|req: 5/37] 127.0.0.1 () {38 vars in 772 bytes} [Fri Jul 28 10:16:40 2017] GET /static/images/t5.jpg => generated 2536 bytes in 12 msecs (HTTP/1.1 404) 3 headers in 102 bytes (1 switches on core 0)
[pid: 8956|app: 0|req: 5/38] 127.0.0.1 () {38 vars in 772 bytes} [Fri Jul 28 10:16:40 2017] GET /static/images/t6.jpg => generated 2536 bytes in 12 msecs (HTTP/1.1 404) 3 headers in 102 bytes (2 switches on core 1)
Not Found: /static/js/responsiveslides.min.js
[pid: 8952|app: 0|req: 9/39] 127.0.0.1 () {38 vars in 762 bytes} [Fri Jul 28 10:16:40 2017] GET /static/js/responsiveslides.min.js => generated 2575 bytes in 4 msecs (HTTP/1.1 404) 3 headers in 102 bytes (2 switches on core 0)
Not Found: /static/images/t9.jpg
Not Found: /static/images/t8.jpg
[pid: 8952|app: 0|req: 10/40] 127.0.0.1 () {38 vars in 772 bytes} [Fri Jul 28 10:16:40 2017] GET /static/images/t8.jpg => generated 2536 bytes in 5 msecs (HTTP/1.1 404) 3 headers in 102 bytes (2 switches on core 1)
Not Found: /static/images/t5.jpg
[pid: 8951|app: 0|req: 22/41] 127.0.0.1 () {38 vars in 772 bytes} [Fri Jul 28 10:16:40 2017] GET /static/images/t9.jpg => generated 2536 bytes in 10 msecs (HTTP/1.1 404) 3 headers in 102 bytes (2 switches on core 1)
[pid: 8951|app: 0|req: 22/42] 127.0.0.1 () {38 vars in 772 bytes} [Fri Jul 28 10:16:40 2017] GET /static/images/t5.jpg => generated 2536 bytes in 7 msecs (HTTP/1.1 404) 3 headers in 102 bytes (2 switches on core 0)
Not Found: /static/images/t2.jpg
[pid: 8956|app: 0|req: 6/43] 127.0.0.1 () {38 vars in 772 bytes} [Fri Jul 28 10:16:40 2017] GET /static/images/t2.jpg => generated 2536 bytes in 6 msecs (HTTP/1.1 404) 3 headers in 102 bytes (1 switches on core 0)
Not Found: /static/images/t7.jpg
[pid: 8954|app: 0|req: 6/44] 127.0.0.1 () {38 vars in 772 bytes} [Fri Jul 28 10:16:40 2017] GET /static/images/t7.jpg => generated 2536 bytes in 8 msecs (HTTP/1.1 404) 3 headers in 102 bytes (2 switches on core 0)
Not Found: /static/images/t4.jpg
[pid: 8952|app: 0|req: 11/45] 127.0.0.1 () {38 vars in 772 bytes} [Fri Jul 28 10:16:40 2017] GET /static/images/t4.jpg => generated 2536 bytes in 10 msecs (HTTP/1.1 404) 3 headers in 102 bytes (2 switches on core 0)
Not Found: /static/js/jquery.countdown.js
Not Found: /static/images/t12.jpg
[pid: 8954|app: 0|req: 7/46] 127.0.0.1 () {38 vars in 774 bytes} [Fri Jul 28 10:16:40 2017] GET /static/images/t12.jpg => generated 2539 bytes in 4 msecs (HTTP/1.1 404) 3 headers in 102 bytes (1 switches on core 1)
Not Found: /static/images/t14.jpg
[pid: 8956|app: 0|req: 7/47] 127.0.0.1 () {38 vars in 774 bytes} [Fri Jul 28 10:16:40 2017] GET /static/images/t14.jpg => generated 2539 bytes in 6 msecs (HTTP/1.1 404) 3 headers in 102 bytes (2 switches on core 1)
Not Found: /static/images/t15.jpg
Not Found: /static/images/t10.jpg
[pid: 8951|app: 0|req: 24/48] 127.0.0.1 () {38 vars in 754 bytes} [Fri Jul 28 10:16:40 2017] GET /static/js/jquery.countdown.js => generated 2563 bytes in 12 msecs (HTTP/1.1 404) 3 headers in 102 bytes (1 switches on core 1)
[pid: 8951|app: 0|req: 24/49] 127.0.0.1 () {38 vars in 774 bytes} [Fri Jul 28 10:16:40 2017] GET /static/images/t10.jpg => generated 2539 bytes in 12 msecs (HTTP/1.1 404) 3 headers in 102 bytes (2 switches on core 0)
[pid: 8952|app: 0|req: 13/50] 127.0.0.1 () {38 vars in 774 bytes} [Fri Jul 28 10:16:40 2017] GET /static/images/t15.jpg => generated 2539 bytes in 15 msecs (HTTP/1.1 404) 3 headers in 102 bytes (2 switches on core 1)
Not Found: /static/images/t11.jpg
[pid: 8952|app: 0|req: 13/51] 127.0.0.1 () {38 vars in 774 bytes} [Fri Jul 28 10:16:40 2017] GET /static/images/t11.jpg => generated 2539 bytes in 14 msecs (HTTP/1.1 404) 3 headers in 102 bytes (1 switches on core 0)
Not Found: /static/images/t13.jpg
[pid: 8952|app: 0|req: 14/52] 127.0.0.1 () {38 vars in 774 bytes} [Fri Jul 28 10:16:40 2017] GET /static/images/t13.jpg => generated 2539 bytes in 3 msecs (HTTP/1.1 404) 3 headers in 102 bytes (1 switches on core 1)
Not Found: /static/js/script.js
[pid: 8956|app: 0|req: 8/53] 127.0.0.1 () {38 vars in 734 bytes} [Fri Jul 28 10:16:40 2017] GET /static/js/script.js => generated 2533 bytes in 5 msecs (HTTP/1.1 404) 3 headers in 102 bytes (2 switches on core 0)
Not Found: /favicon.ico
[pid: 8956|app: 0|req: 9/54] 127.0.0.1 () {38 vars in 754 bytes} [Fri Jul 28 10:16:40 2017] GET /favicon.ico => generated 2509 bytes in 2 msecs (HTTP/1.1 404) 3 headers in 102 bytes (1 switches on core 1)
[pid: 8951|app: 0|req: 25/55] 127.0.0.1 () {40 vars in 810 bytes} [Fri Jul 28 11:10:22 2017] GET / => generated 32839 bytes in 3 msecs (HTTP/1.1 200) 3 headers in 111 bytes (1 switches on core 1)
Not Found: /static/css/style.css
Not Found: /static/css/jquery.countdown.css
[pid: 8951|app: 0|req: 26/56] 127.0.0.1 () {38 vars in 773 bytes} [Fri Jul 28 11:10:23 2017] GET /static/css/jquery.countdown.css => generated 2569 bytes in 6 msecs (HTTP/1.1 404) 3 headers in 102 bytes (1 switches on core 0)
[pid: 8956|app: 0|req: 10/57] 127.0.0.1 () {38 vars in 751 bytes} [Fri Jul 28 11:10:23 2017] GET /static/css/style.css => generated 2536 bytes in 5 msecs (HTTP/1.1 404) 3 headers in 102 bytes (1 switches on core 0)
Not Found: /static/css/bootstrap-3.1.1.min.css
[pid: 8952|app: 0|req: 15/58] 127.0.0.1 () {38 vars in 778 bytes} [Fri Jul 28 11:10:23 2017] GET /static/css/bootstrap-3.1.1.min.css => generated 2578 bytes in 11 msecs (HTTP/1.1 404) 3 headers in 102 bytes (2 switches on core 0)
Not Found: /static/css/font-awesome.css
[pid: 8954|app: 0|req: 8/59] 127.0.0.1 () {38 vars in 765 bytes} [Fri Jul 28 11:10:23 2017] GET /static/css/font-awesome.css => generated 2557 bytes in 6 msecs (HTTP/1.1 404) 3 headers in 102 bytes (1 switches on core 1)
Not Found: /static/js/bootstrap.min.js
[pid: 8952|app: 0|req: 16/60] 127.0.0.1 () {38 vars in 748 bytes} [Fri Jul 28 11:10:23 2017] GET /static/js/bootstrap.min.js => generated 2554 bytes in 20 msecs (HTTP/1.1 404) 3 headers in 102 bytes (2 switches on core 1)
Not Found: /static/js/jquery.min.js
[pid: 8954|app: 0|req: 9/61] 127.0.0.1 () {38 vars in 741 bytes} [Fri Jul 28 11:10:23 2017] GET /static/js/jquery.min.js => generated 2545 bytes in 24 msecs (HTTP/1.1 404) 3 headers in 102 bytes (2 switches on core 0)
Not Found: /static/js/responsiveslides.min.js
[pid: 8951|app: 0|req: 27/62] 127.0.0.1 () {38 vars in 762 bytes} [Fri Jul 28 11:10:23 2017] GET /static/js/responsiveslides.min.js => generated 2575 bytes in 5 msecs (HTTP/1.1 404) 3 headers in 102 bytes (2 switches on core 1)
Not Found: /static/js/jquery.countdown.js
[pid: 8952|app: 0|req: 17/63] 127.0.0.1 () {38 vars in 754 bytes} [Fri Jul 28 11:10:23 2017] GET /static/js/jquery.countdown.js => generated 2563 bytes in 3 msecs (HTTP/1.1 404) 3 headers in 102 bytes (2 switches on core 0)
Not Found: /static/js/script.js
[pid: 8952|app: 0|req: 18/64] 127.0.0.1 () {38 vars in 734 bytes} [Fri Jul 28 11:10:23 2017] GET /static/js/script.js => generated 2533 bytes in 3 msecs (HTTP/1.1 404) 3 headers in 102 bytes (1 switches on core 1)
Not Found: /static/images/t7.jpg
[pid: 8954|app: 0|req: 10/65] 127.0.0.1 () {38 vars in 772 bytes} [Fri Jul 28 11:10:23 2017] GET /static/images/t7.jpg => generated 2536 bytes in 3 msecs (HTTP/1.1 404) 3 headers in 102 bytes (1 switches on core 1)
Not Found: /static/images/t8.jpg
[pid: 8951|app: 0|req: 28/66] 127.0.0.1 () {38 vars in 772 bytes} [Fri Jul 28 11:10:23 2017] GET /static/images/t8.jpg => generated 2536 bytes in 3 msecs (HTTP/1.1 404) 3 headers in 102 bytes (1 switches on core 0)
Not Found: /static/images/t9.jpg
[pid: 8956|app: 0|req: 11/67] 127.0.0.1 () {38 vars in 772 bytes} [Fri Jul 28 11:10:23 2017] GET /static/images/t9.jpg => generated 2536 bytes in 3 msecs (HTTP/1.1 404) 3 headers in 102 bytes (2 switches on core 1)
Not Found: /static/images/t1.jpg
[pid: 8951|app: 0|req: 29/68] 127.0.0.1 () {38 vars in 772 bytes} [Fri Jul 28 11:10:23 2017] GET /static/images/t1.jpg => generated 2536 bytes in 4 msecs (HTTP/1.1 404) 3 headers in 102 bytes (1 switches on core 1)
Not Found: /static/js/bootstrap.min.js
[pid: 8952|app: 0|req: 19/69] 127.0.0.1 () {38 vars in 748 bytes} [Fri Jul 28 11:10:23 2017] GET /static/js/bootstrap.min.js => generated 2554 bytes in 5 msecs (HTTP/1.1 404) 3 headers in 102 bytes (1 switches on core 0)
Not Found: /static/images/t2.jpg
Not Found: /static/css/style.css
[pid: 8951|app: 0|req: 30/70] 127.0.0.1 () {38 vars in 751 bytes} [Fri Jul 28 11:10:23 2017] GET /static/css/style.css => generated 2536 bytes in 3 msecs (HTTP/1.1 404) 3 headers in 102 bytes (1 switches on core 0)
Not Found: /static/css/jquery.countdown.css
[pid: 8952|app: 0|req: 21/71] 127.0.0.1 () {38 vars in 772 bytes} [Fri Jul 28 11:10:23 2017] GET /static/images/t2.jpg => generated 2536 bytes in 10 msecs (HTTP/1.1 404) 3 headers in 102 bytes (1 switches on core 1)
[pid: 8952|app: 0|req: 21/72] 127.0.0.1 () {38 vars in 773 bytes} [Fri Jul 28 11:10:23 2017] GET /static/css/jquery.countdown.css => generated 2569 bytes in 6 msecs (HTTP/1.1 404) 3 headers in 102 bytes (2 switches on core 0)
Not Found: /static/css/font-awesome.css
[pid: 8951|app: 0|req: 31/73] 127.0.0.1 () {38 vars in 765 bytes} [Fri Jul 28 11:10:23 2017] GET /static/css/font-awesome.css => generated 2557 bytes in 7 msecs (HTTP/1.1 404) 3 headers in 102 bytes (2 switches on core 1)
Not Found: /static/images/t3.jpg
[pid: 8954|app: 0|req: 11/74] 127.0.0.1 () {38 vars in 772 bytes} [Fri Jul 28 11:10:23 2017] GET /static/images/t3.jpg => generated 2536 bytes in 5 msecs (HTTP/1.1 404) 3 headers in 102 bytes (1 switches on core 1)
Not Found: /static/images/t4.jpg
Not Found: /static/images/t6.jpg
[pid: 8951|app: 0|req: 33/75] 127.0.0.1 () {38 vars in 772 bytes} [Fri Jul 28 11:10:23 2017] GET /static/images/t4.jpg => generated 2536 bytes in 9 msecs (HTTP/1.1 404) 3 headers in 102 bytes (2 switches on core 0)
Not Found: /static/images/t5.jpg
Not Found: /static/images/t10.jpg
Not Found: /static/images/t12.jpg
[pid: 8952|app: 0|req: 23/76] 127.0.0.1 () {38 vars in 772 bytes} [Fri Jul 28 11:10:23 2017] GET /static/images/t5.jpg => generated 2536 bytes in 12 msecs (HTTP/1.1 404) 3 headers in 102 bytes (2 switches on core 1)
[pid: 8956|app: 0|req: 13/77] 127.0.0.1 () {38 vars in 772 bytes} [Fri Jul 28 11:10:23 2017] GET /static/images/t6.jpg => generated 2536 bytes in 12 msecs (HTTP/1.1 404) 3 headers in 102 bytes (2 switches on core 0)
[pid: 8951|app: 0|req: 33/78] 127.0.0.1 () {38 vars in 774 bytes} [Fri Jul 28 11:10:23 2017] GET /static/images/t12.jpg => generated 2539 bytes in 9 msecs (HTTP/1.1 404) 3 headers in 102 bytes (1 switches on core 1)
[pid: 8956|app: 0|req: 13/79] 127.0.0.1 () {38 vars in 774 bytes} [Fri Jul 28 11:10:23 2017] GET /static/images/t10.jpg => generated 2539 bytes in 11 msecs (HTTP/1.1 404) 3 headers in 102 bytes (2 switches on core 1)
Not Found: /static/images/t15.jpg
[pid: 8952|app: 0|req: 23/80] 127.0.0.1 () {38 vars in 774 bytes} [Fri Jul 28 11:10:23 2017] GET /static/images/t15.jpg => generated 2539 bytes in 14 msecs (HTTP/1.1 404) 3 headers in 102 bytes (2 switches on core 0)
Not Found: /static/images/t11.jpg
Not Found: /static/images/t14.jpg
[pid: 8954|app: 0|req: 12/82] 127.0.0.1 () {38 vars in 774 bytes} [Fri Jul 28 11:10:23 2017] GET /static/images/t11.jpg => generated 2539 bytes in 9 msecs (HTTP/1.1 404) 3 headers in 102 bytes (1 switches on core 0)
[pid: 8952|app: 0|req: 24/82] 127.0.0.1 () {38 vars in 774 bytes} [Fri Jul 28 11:10:23 2017] GET /static/images/t14.jpg => generated 2539 bytes in 7 msecs (HTTP/1.1 404) 3 headers in 102 bytes (1 switches on core 1)
Not Found: /static/images/t13.jpg
[pid: 8951|app: 0|req: 34/83] 127.0.0.1 () {38 vars in 774 bytes} [Fri Jul 28 11:10:23 2017] GET /static/images/t13.jpg => generated 2539 bytes in 7 msecs (HTTP/1.1 404) 3 headers in 102 bytes (1 switches on core 0)
Not Found: /static/images/t7.jpg
[pid: 8956|app: 0|req: 14/84] 127.0.0.1 () {38 vars in 772 bytes} [Fri Jul 28 11:10:23 2017] GET /static/images/t7.jpg => generated 2536 bytes in 9 msecs (HTTP/1.1 404) 3 headers in 102 bytes (2 switches on core 0)
Not Found: /static/images/t2.jpg
Not Found: /static/images/t9.jpg
[pid: 8951|app: 0|req: 36/85] 127.0.0.1 () {38 vars in 772 bytes} [Fri Jul 28 11:10:23 2017] GET /static/images/t9.jpg => generated 2536 bytes in 14 msecs (HTTP/1.1 404) 3 headers in 102 bytes (2 switches on core 1)
[pid: 8954|app: 0|req: 13/86] 127.0.0.1 () {38 vars in 772 bytes} [Fri Jul 28 11:10:23 2017] GET /static/images/t2.jpg => generated 2536 bytes in 10 msecs (HTTP/1.1 404) 3 headers in 102 bytes (1 switches on core 1)
Not Found: /static/images/t1.jpg
Not Found: /static/images/t8.jpg
[pid: 8956|app: 0|req: 15/87] 127.0.0.1 () {38 vars in 772 bytes} [Fri Jul 28 11:10:23 2017] GET /static/images/t8.jpg => generated 2536 bytes in 21 msecs (HTTP/1.1 404) 3 headers in 102 bytes (2 switches on core 1)
[pid: 8951|app: 0|req: 36/88] 127.0.0.1 () {38 vars in 772 bytes} [Fri Jul 28 11:10:23 2017] GET /static/images/t1.jpg => generated 2536 bytes in 15 msecs (HTTP/1.1 404) 3 headers in 102 bytes (1 switches on core 0)
Not Found: /static/js/responsiveslides.min.js
[pid: 8952|app: 0|req: 25/89] 127.0.0.1 () {38 vars in 762 bytes} [Fri Jul 28 11:10:23 2017] GET /static/js/responsiveslides.min.js => generated 2575 bytes in 11 msecs (HTTP/1.1 404) 3 headers in 102 bytes (2 switches on core 0)
Not Found: /static/images/t9.jpg
Not Found: /static/images/t5.jpg
Not Found: /static/images/t4.jpg
[pid: 8951|app: 0|req: 38/90] 127.0.0.1 () {38 vars in 772 bytes} [Fri Jul 28 11:10:23 2017] GET /static/images/t9.jpg => generated 2536 bytes in 9 msecs (HTTP/1.1 404) 3 headers in 102 bytes (1 switches on core 1)
[pid: 8951|app: 0|req: 38/91] 127.0.0.1 () {38 vars in 772 bytes} [Fri Jul 28 11:10:23 2017] GET /static/images/t4.jpg => generated 2536 bytes in 6 msecs (HTTP/1.1 404) 3 headers in 102 bytes (2 switches on core 0)
Not Found: /static/images/t2.jpg
Not Found: /static/images/t7.jpg
[pid: 8954|app: 0|req: 15/92] 127.0.0.1 () {38 vars in 772 bytes} [Fri Jul 28 11:10:23 2017] GET /static/images/t5.jpg => generated 2536 bytes in 10 msecs (HTTP/1.1 404) 3 headers in 102 bytes (2 switches on core 0)
[pid: 8954|app: 0|req: 15/93] 127.0.0.1 () {38 vars in 772 bytes} [Fri Jul 28 11:10:23 2017] GET /static/images/t7.jpg => generated 2536 bytes in 8 msecs (HTTP/1.1 404) 3 headers in 102 bytes (2 switches on core 1)
Not Found: /static/images/t8.jpg
[pid: 8952|app: 0|req: 27/94] 127.0.0.1 () {38 vars in 772 bytes} [Fri Jul 28 11:10:23 2017] GET /static/images/t2.jpg => generated 2536 bytes in 11 msecs (HTTP/1.1 404) 3 headers in 102 bytes (2 switches on core 1)
[pid: 8952|app: 0|req: 27/95] 127.0.0.1 () {38 vars in 772 bytes} [Fri Jul 28 11:10:23 2017] GET /static/images/t8.jpg => generated 2536 bytes in 14 msecs (HTTP/1.1 404) 3 headers in 102 bytes (2 switches on core 0)
Not Found: /static/js/jquery.countdown.js
[pid: 8951|app: 0|req: 40/96] 127.0.0.1 () {38 vars in 754 bytes} [Fri Jul 28 11:10:23 2017] GET /static/js/jquery.countdown.js => generated 2563 bytes in 11 msecs (HTTP/1.1 404) 3 headers in 102 bytes (1 switches on core 1)
Not Found: /static/images/t10.jpg
Not Found: /static/images/t15.jpg
[pid: 8951|app: 0|req: 40/97] 127.0.0.1 () {38 vars in 774 bytes} [Fri Jul 28 11:10:23 2017] GET /static/images/t15.jpg => generated 2539 bytes in 8 msecs (HTTP/1.1 404) 3 headers in 102 bytes (2 switches on core 0)
Not Found: /static/images/t14.jpg
Not Found: /static/images/t12.jpg
[pid: 8952|app: 0|req: 29/99] 127.0.0.1 () {38 vars in 774 bytes} [Fri Jul 28 11:10:23 2017] GET /static/images/t10.jpg => generated 2539 bytes in 10 msecs (HTTP/1.1 404) 3 headers in 102 bytes (2 switches on core 1)
[pid: 8952|app: 0|req: 29/99] 127.0.0.1 () {38 vars in 774 bytes} [Fri Jul 28 11:10:23 2017] GET /static/images/t12.jpg => generated 2539 bytes in 8 msecs (HTTP/1.1 404) 3 headers in 102 bytes (2 switches on core 0)
[pid: 8954|app: 0|req: 17/100] 127.0.0.1 () {38 vars in 774 bytes} [Fri Jul 28 11:10:23 2017] GET /static/images/t14.jpg => generated 2539 bytes in 7 msecs (HTTP/1.1 404) 3 headers in 102 bytes (1 switches on core 1)
Not Found: /static/images/t11.jpg
[pid: 8954|app: 0|req: 17/101] 127.0.0.1 () {38 vars in 774 bytes} [Fri Jul 28 11:10:23 2017] GET /static/images/t11.jpg => generated 2539 bytes in 10 msecs (HTTP/1.1 404) 3 headers in 102 bytes (1 switches on core 0)
Not Found: /static/images/t13.jpg
[pid: 8951|app: 0|req: 41/102] 127.0.0.1 () {38 vars in 774 bytes} [Fri Jul 28 11:10:23 2017] GET /static/images/t13.jpg => generated 2539 bytes in 7 msecs (HTTP/1.1 404) 3 headers in 102 bytes (1 switches on core 1)
Not Found: /static/js/script.js
[pid: 8951|app: 0|req: 42/103] 127.0.0.1 () {38 vars in 734 bytes} [Fri Jul 28 11:10:23 2017] GET /static/js/script.js => generated 2533 bytes in 3 msecs (HTTP/1.1 404) 3 headers in 102 bytes (1 switches on core 0)
SIGINT/SIGQUIT received...killing workers...
gateway "uWSGI http 1" has been buried (pid: 8958)
worker 1 buried after 1 seconds
worker 2 buried after 1 seconds
worker 3 buried after 1 seconds
worker 4 buried after 1 seconds
goodbye to uWSGI.
